
> otaku-secretary@0.0.0 dev /home/n-saitou/otaku-secretary
> turbo dev "--filter" "@otaku-secretary/web"

• Packages in scope: @otaku-secretary/web
• Running dev in 1 packages
• Remote caching disabled
@otaku-secretary/web:dev: cache bypass, force executing 2081e81d0723fe1f
@otaku-secretary/web:dev: 
@otaku-secretary/web:dev: > @otaku-secretary/web@0.0.0 dev /home/n-saitou/otaku-secretary/apps/web
@otaku-secretary/web:dev: > vite
@otaku-secretary/web:dev: 
@otaku-secretary/web:dev: 10:07:30 AM [vite] (client) Re-optimizing dependencies because lockfile has changed
@otaku-secretary/web:dev: 
@otaku-secretary/web:dev:   VITE v6.3.5  ready in 164 ms
@otaku-secretary/web:dev: 
@otaku-secretary/web:dev:   ➜  Local:   http://localhost:5173/
@otaku-secretary/web:dev:   ➜  Network: use --host to expose
@otaku-secretary/web:dev: 10:09:22 AM [vite] (client) hmr update /src/contexts/query-client.tsx, /src/index.css
@otaku-secretary/web:dev: 10:09:22 AM [vite] (client) hmr invalidate /src/contexts/query-client.tsx Could not Fast Refresh ("queryClient" export is incompatible). Learn more at https://github.com/vitejs/vite-plugin-react/tree/main/packages/plugin-react#consistent-components-exports
@otaku-secretary/web:dev: 10:09:22 AM [vite] (client) hmr update /src/App.tsx, /src/index.css
@otaku-secretary/web:dev: 10:09:26 AM [vite] (client) hmr update /src/components/auth-form.tsx, /src/index.css
@otaku-secretary/web:dev: 10:09:26 AM [vite] (client) hmr update /src/components/auth-form.tsx, /src/index.css
@otaku-secretary/web:dev: 10:09:26 AM [vite] (client) hmr update /src/components/auth-form.tsx, /src/index.css
@otaku-secretary/web:dev: 10:09:26 AM [vite] (client) hmr update /src/components/auth-form.tsx, /src/index.css
@otaku-secretary/web:dev: 10:09:26 AM [vite] (client) hmr update /src/components/auth-form.tsx, /src/index.css
@otaku-secretary/web:dev: 10:09:26 AM [vite] (client) hmr update /src/components/auth-form.tsx, /src/index.css
@otaku-secretary/web:dev: 10:09:26 AM [vite] (client) hmr update /src/components/auth-form.tsx, /src/index.css
@otaku-secretary/web:dev: 10:09:26 AM [vite] (client) hmr update /src/components/auth-form.tsx, /src/index.css
@otaku-secretary/web:dev: 10:09:26 AM [vite] (client) hmr update /src/components/auth-form.tsx, /src/index.css
@otaku-secretary/web:dev: 10:09:26 AM [vite] (client) hmr update /src/components/auth-form.tsx, /src/index.css
@otaku-secretary/web:dev: 10:09:26 AM [vite] (client) hmr update /src/components/auth-form.tsx, /src/index.css
@otaku-secretary/web:dev: 10:09:26 AM [vite] (client) hmr update /src/components/auth-form.tsx, /src/index.css
@otaku-secretary/web:dev: 10:09:26 AM [vite] (client) hmr update /src/components/PrivateRoute.tsx, /src/index.css, /src/components/auth-form.tsx, /src/pages/Dashboard.tsx
@otaku-secretary/web:dev: 10:09:26 AM [vite] (client) hmr update /src/components/PrivateRoute.tsx, /src/index.css, /src/components/auth-form.tsx, /src/pages/Dashboard.tsx
@otaku-secretary/web:dev: 10:09:26 AM [vite] (client) hmr update /src/components/PrivateRoute.tsx, /src/index.css, /src/components/auth-form.tsx, /src/pages/Dashboard.tsx
@otaku-secretary/web:dev: 10:09:26 AM [vite] (client) hmr update /src/components/PrivateRoute.tsx, /src/index.css, /src/components/auth-form.tsx, /src/pages/Dashboard.tsx
@otaku-secretary/web:dev: 10:09:26 AM [vite] (client) hmr update /src/components/PrivateRoute.tsx, /src/index.css, /src/components/auth-form.tsx, /src/pages/Dashboard.tsx
@otaku-secretary/web:dev: 10:09:26 AM [vite] (client) hmr update /src/components/PrivateRoute.tsx, /src/index.css, /src/components/auth-form.tsx, /src/pages/Dashboard.tsx
@otaku-secretary/web:dev: 10:09:26 AM [vite] (client) hmr update /src/components/PrivateRoute.tsx, /src/index.css, /src/components/auth-form.tsx, /src/pages/Dashboard.tsx
@otaku-secretary/web:dev: 10:09:26 AM [vite] (client) hmr update /src/components/PrivateRoute.tsx, /src/index.css, /src/components/auth-form.tsx, /src/pages/Dashboard.tsx
@otaku-secretary/web:dev: 10:12:34 AM [vite] (client) hmr update /src/contexts/query-client.tsx, /src/index.css
@otaku-secretary/web:dev: 10:12:34 AM [vite] (client) hmr invalidate /src/contexts/query-client.tsx Could not Fast Refresh ("queryClient" export is incompatible). Learn more at https://github.com/vitejs/vite-plugin-react/tree/main/packages/plugin-react#consistent-components-exports
@otaku-secretary/web:dev: 10:12:34 AM [vite] (client) hmr update /src/App.tsx, /src/index.css
@otaku-secretary/web:dev: 10:14:30 AM [vite] vite.config.ts changed, restarting server...
@otaku-secretary/web:dev: 10:14:30 AM [vite] (client) Re-optimizing dependencies because lockfile has changed
@otaku-secretary/web:dev: 10:14:30 AM [vite] server restarted.
 ELIFECYCLE  Command failed.
@otaku-secretary/web:dev: 10:17:49 AM [vite] vite.config.ts changed, restarting server...
@otaku-secretary/web:dev: 10:17:49 AM [vite] server restarted.
@otaku-secretary/web:dev: 10:20:03 AM [vite] (client) hmr update /src/index.css, /src/components/PrivateRoute.tsx, /src/components/auth-form.tsx, /src/pages/Dashboard.tsx
@otaku-secretary/web:dev: 10:20:27 AM [vite] (client) hmr update /src/contexts/query-client.tsx, /src/index.css
@otaku-secretary/web:dev: 10:39:51 AM [vite] (client) hmr update /src/index.css
@otaku-secretary/web:dev: 10:43:22 AM [vite] (client) hmr update /src/components/auth-form.tsx, /src/index.css
@otaku-secretary/web:dev: 11:06:33 AM [vite] (client) hmr update /src/components/auth-form.tsx, /src/index.css
@otaku-secretary/web:dev: 11:06:35 AM [vite] (client) hmr update /src/components/auth-form.tsx, /src/index.css
@otaku-secretary/web:dev: 11:14:44 AM [vite] (client) hmr update /src/pages/Dashboard.tsx, /src/index.css
@otaku-secretary/web:dev: 11:16:05 AM [vite] (client) hmr update /src/components/auth-form.tsx, /src/index.css
@otaku-secretary/web:dev: 11:16:51 AM [vite] (client) hmr update /src/components/auth-form.tsx, /src/index.css
@otaku-secretary/web:dev: 11:17:15 AM [vite] (client) hmr update /src/contexts/query-client.tsx, /src/index.css
@otaku-secretary/web:dev: 11:17:24 AM [vite] (client) hmr update /src/components/auth-form.tsx, /src/index.css
@otaku-secretary/web:dev: 11:17:24 AM [vite] (client) hmr update /src/components/auth-form.tsx, /src/index.css
@otaku-secretary/web:dev: 11:17:24 AM [vite] (client) hmr update /src/components/auth-form.tsx, /src/index.css
@otaku-secretary/web:dev: 11:17:24 AM [vite] (client) hmr update /src/components/auth-form.tsx, /src/index.css
@otaku-secretary/web:dev: 11:17:24 AM [vite] (client) hmr update /src/components/auth-form.tsx, /src/index.css
@otaku-secretary/web:dev: 11:17:24 AM [vite] (client) hmr update /src/components/auth-form.tsx, /src/index.css
@otaku-secretary/web:dev: 11:17:24 AM [vite] (client) hmr update /src/components/auth-form.tsx, /src/index.css
@otaku-secretary/web:dev: 11:17:24 AM [vite] (client) hmr update /src/components/auth-form.tsx, /src/index.css
@otaku-secretary/web:dev: 11:17:24 AM [vite] (client) hmr update /src/components/auth-form.tsx, /src/index.css
@otaku-secretary/web:dev: 11:17:24 AM [vite] (client) hmr update /src/components/auth-form.tsx, /src/index.css
@otaku-secretary/web:dev: 11:17:24 AM [vite] (client) hmr update /src/components/auth-form.tsx, /src/index.css
@otaku-secretary/web:dev: 11:17:24 AM [vite] (client) hmr update /src/components/auth-form.tsx, /src/index.css
@otaku-secretary/web:dev: 11:17:24 AM [vite] (client) hmr update /src/index.css, /src/components/PrivateRoute.tsx, /src/components/auth-form.tsx, /src/pages/Dashboard.tsx
@otaku-secretary/web:dev: 11:17:24 AM [vite] (client) hmr update /src/index.css, /src/components/PrivateRoute.tsx, /src/components/auth-form.tsx, /src/pages/Dashboard.tsx
@otaku-secretary/web:dev: 11:17:24 AM [vite] (client) hmr update /src/index.css, /src/components/PrivateRoute.tsx, /src/components/auth-form.tsx, /src/pages/Dashboard.tsx
@otaku-secretary/web:dev: 11:17:24 AM [vite] (client) hmr update /src/index.css, /src/components/PrivateRoute.tsx, /src/components/auth-form.tsx, /src/pages/Dashboard.tsx
@otaku-secretary/web:dev: 11:17:24 AM [vite] (client) hmr update /src/index.css, /src/components/PrivateRoute.tsx, /src/components/auth-form.tsx, /src/pages/Dashboard.tsx
@otaku-secretary/web:dev: 11:17:24 AM [vite] (client) hmr update /src/index.css, /src/components/PrivateRoute.tsx, /src/components/auth-form.tsx, /src/pages/Dashboard.tsx
@otaku-secretary/web:dev: 11:17:24 AM [vite] (client) hmr update /src/index.css, /src/components/PrivateRoute.tsx, /src/components/auth-form.tsx, /src/pages/Dashboard.tsx
@otaku-secretary/web:dev: 11:17:24 AM [vite] (client) hmr update /src/index.css, /src/components/PrivateRoute.tsx, /src/components/auth-form.tsx, /src/pages/Dashboard.tsx
